{"numFailedTestSuites":1,"numFailedTests":2,"numPassedTestSuites":0,"numPassedTests":2,"numPendingTestSuites":0,"numPendingTests":0,"numRuntimeErrorTestSuites":0,"numTotalTestSuites":1,"numTotalTests":4,"openHandles":[],"snapshot":{"added":0,"didUpdate":false,"failure":false,"filesAdded":0,"filesRemoved":0,"filesUnmatched":0,"filesUpdated":0,"matched":0,"total":0,"unchecked":0,"uncheckedKeysByFile":[],"unmatched":0,"updated":0},"startTime":1539177860806,"success":false,"testResults":[{"console":null,"failureMessage":"  ● Selecting a correct letter should increase score by 5\n\n    expect(received).toEqual(expected)\n\n    Expected value to equal:\n      5\n    Received:\n      0\n\n      28 |     let correctLetterWrapper = allLetters.filterWhere((l) => l.text().toLowerCase() ==='h');\n      29 |     correctLetterWrapper.first().simulate('click');\n    > 30 |     expect(wrapper.state('score')).toEqual(5);\n         |                                    ^\n      31 | });\n      32 | \n      33 | it('Selecting an incorrect letter should decrease score by 20', () => {\n\n      at Object.newMatcher [as toEqual] (node_modules/jest-expect-message/dist/withMessage.js:23:14)\n      at Object.toEqual (.test/ex-1.test.js:30:36)\n\n  ● Selecting an incorrect letter should decrease score by 20\n\n    expect(received).toEqual(expected)\n\n    Expected value to equal:\n      30\n    Received:\n      50\n\n      40 |     let correctLetterWrapper = allLetters.filterWhere((l) => l.text().toLowerCase() === 'z');\n      41 |     correctLetterWrapper.first().simulate('click');\n    > 42 |     expect(wrapper.state('score')).toEqual(30);\n         |                                    ^\n      43 |  });\n      44 | \n      45 |  it('When the user has more than 80 points, the Score div should have the \"high-score\" class', () => {\n\n      at Object.newMatcher [as toEqual] (node_modules/jest-expect-message/dist/withMessage.js:23:14)\n      at Object.toEqual (.test/ex-1.test.js:42:36)\n","numFailingTests":2,"numPassingTests":2,"numPendingTests":0,"perfStats":{"end":1539177862808,"start":1539177861651},"snapshot":{"added":0,"fileDeleted":false,"matched":0,"unchecked":0,"unmatched":0,"updated":0,"uncheckedKeys":[]},"testFilePath":"/Users/tal/Documents/Projects/hangman-class/.test/ex-1.test.js","testResults":[{"ancestorTitles":[],"duration":26,"failureMessages":[],"fullName":"Application should render without crashing","location":null,"numPassingAsserts":0,"status":"passed","title":"Application should render without crashing"},{"ancestorTitles":[],"duration":47,"failureMessages":["Error: expect(received).toEqual(expected)\n\nExpected value to equal:\n  5\nReceived:\n  0\n    at Object.newMatcher [as toEqual] (/Users/tal/Documents/Projects/hangman-class/node_modules/jest-expect-message/dist/withMessage.js:23:14)\n    at Object.toEqual (/Users/tal/Documents/Projects/hangman-class/.test/ex-1.test.js:30:36)\n    at Object.asyncJestTest (/Users/tal/Documents/Projects/hangman-class/node_modules/jest-jasmine2/build/jasmine_async.js:108:37)\n    at resolve (/Users/tal/Documents/Projects/hangman-class/node_modules/jest-jasmine2/build/queue_runner.js:56:12)\n    at new Promise (<anonymous>)\n    at mapper (/Users/tal/Documents/Projects/hangman-class/node_modules/jest-jasmine2/build/queue_runner.js:43:19)\n    at promise.then (/Users/tal/Documents/Projects/hangman-class/node_modules/jest-jasmine2/build/queue_runner.js:87:41)\n    at <anonymous>\n    at process._tickCallback (internal/process/next_tick.js:188:7)"],"fullName":"Selecting a correct letter should increase score by 5","location":null,"numPassingAsserts":0,"status":"failed","title":"Selecting a correct letter should increase score by 5"},{"ancestorTitles":[],"duration":20,"failureMessages":["Error: expect(received).toEqual(expected)\n\nExpected value to equal:\n  30\nReceived:\n  50\n    at Object.newMatcher [as toEqual] (/Users/tal/Documents/Projects/hangman-class/node_modules/jest-expect-message/dist/withMessage.js:23:14)\n    at Object.toEqual (/Users/tal/Documents/Projects/hangman-class/.test/ex-1.test.js:42:36)\n    at Object.asyncJestTest (/Users/tal/Documents/Projects/hangman-class/node_modules/jest-jasmine2/build/jasmine_async.js:108:37)\n    at resolve (/Users/tal/Documents/Projects/hangman-class/node_modules/jest-jasmine2/build/queue_runner.js:56:12)\n    at new Promise (<anonymous>)\n    at mapper (/Users/tal/Documents/Projects/hangman-class/node_modules/jest-jasmine2/build/queue_runner.js:43:19)\n    at promise.then (/Users/tal/Documents/Projects/hangman-class/node_modules/jest-jasmine2/build/queue_runner.js:87:41)\n    at <anonymous>\n    at process._tickCallback (internal/process/next_tick.js:188:7)"],"fullName":"Selecting an incorrect letter should decrease score by 20","location":null,"numPassingAsserts":0,"status":"failed","title":"Selecting an incorrect letter should decrease score by 20"},{"ancestorTitles":[],"duration":12,"failureMessages":[],"fullName":"When the user has more than 80 points, the Score div should have the \"high-score\" class","location":null,"numPassingAsserts":0,"status":"passed","title":"When the user has more than 80 points, the Score div should have the \"high-score\" class"}],"sourceMaps":{},"skipped":false,"leaks":false}],"wasInterrupted":false}