{"numFailedTestSuites":0,"numFailedTests":0,"numPassedTestSuites":1,"numPassedTests":4,"numPendingTestSuites":0,"numPendingTests":0,"numRuntimeErrorTestSuites":0,"numTotalTestSuites":1,"numTotalTests":4,"openHandles":[],"snapshot":{"added":0,"didUpdate":false,"failure":false,"filesAdded":0,"filesRemoved":0,"filesUnmatched":0,"filesUpdated":0,"matched":0,"total":0,"unchecked":0,"uncheckedKeysByFile":[],"unmatched":0,"updated":0},"startTime":1534424019199,"success":true,"testResults":[{"console":null,"failureMessage":null,"numFailingTests":0,"numPassingTests":4,"numPendingTests":0,"perfStats":{"end":1534424021396,"start":1534424019831},"snapshot":{"added":0,"fileDeleted":false,"matched":0,"unchecked":0,"unmatched":0,"updated":0,"uncheckedKeys":[]},"testFilePath":"/Users/tal/Documents/Projects/react-lesson/.test/ls-3-ex-2.test.js","testResults":[{"ancestorTitles":[],"duration":30,"failureMessages":[],"fullName":"Application should render without crashing","location":null,"numPassingAsserts":0,"status":"passed","title":"Application should render without crashing"},{"ancestorTitles":[],"duration":23,"failureMessages":[],"fullName":"When the user has more than 80 points, the Score div should have the \"high-score\" class","location":null,"numPassingAsserts":0,"status":"passed","title":"When the user has more than 80 points, the Score div should have the \"high-score\" class"},{"ancestorTitles":[],"duration":17,"failureMessages":[],"fullName":"When the user has between 50 and 80 points, the Score div should have the \"medium-score\" class","location":null,"numPassingAsserts":0,"status":"passed","title":"When the user has between 50 and 80 points, the Score div should have the \"medium-score\" class"},{"ancestorTitles":[],"duration":12,"failureMessages":[],"fullName":"When the user has less than 50 points, the Score div should have the \"low-score\" class","location":null,"numPassingAsserts":0,"status":"passed","title":"When the user has less than 50 points, the Score div should have the \"low-score\" class"}],"sourceMaps":{},"skipped":false,"leaks":false}],"wasInterrupted":false}