{"numFailedTestSuites":1,"numFailedTests":0,"numPassedTestSuites":0,"numPassedTests":0,"numPendingTestSuites":0,"numPendingTests":0,"numRuntimeErrorTestSuites":1,"numTotalTestSuites":1,"numTotalTests":0,"openHandles":[],"snapshot":{"added":0,"didUpdate":false,"failure":false,"filesAdded":0,"filesRemoved":0,"filesUnmatched":0,"filesUpdated":0,"matched":0,"total":0,"unchecked":0,"uncheckedKeysByFile":[],"unmatched":0,"updated":0},"startTime":1539177019494,"success":false,"testResults":[{"console":null,"displayName":"","failureMessage":"  ● Test suite failed to run\n\n    Configuration error:\n\n    Could not locate module ./App.css mapped as:\n    jest-transform-stub.\n\n    Please check your configuration for these entries:\n    {\n      \"moduleNameMapper\": {\n        \"/^.+\\.(css|styl|less|sass|scss|png|jpg|ttf|woff|woff2|svg)$/\": \"jest-transform-stub\"\n      },\n      \"resolver\": null\n    }\n\n      1 | import React, { Component } from 'react';\n      2 | import Letters from './components/Letters';\n    > 3 | import './App.css';\n        | ^\n      4 | import Score from './components/Score';\n      5 | import Solution from './components/Solution';\n      6 | \n\n      at createNoMappedModuleFoundError (node_modules/jest-resolve/build/index.js:411:17)\n      at Object.<anonymous> (src/App.js:3:1)\n","leaks":false,"numFailingTests":0,"numPassingTests":0,"numPendingTests":0,"openHandles":[],"perfStats":{"end":0,"start":0},"skipped":false,"snapshot":{"added":0,"fileDeleted":false,"matched":0,"unchecked":0,"uncheckedKeys":[],"unmatched":0,"updated":0},"sourceMaps":{},"testExecError":{"name":""},"testFilePath":"/home/codio/workspace/.test/ex-2.test.js","testResults":[]}],"wasInterrupted":false}