{"numFailedTestSuites":1,"numFailedTests":3,"numPassedTestSuites":0,"numPassedTests":1,"numPendingTestSuites":0,"numPendingTests":0,"numRuntimeErrorTestSuites":0,"numTotalTestSuites":1,"numTotalTests":4,"openHandles":[],"snapshot":{"added":0,"didUpdate":false,"failure":false,"filesAdded":0,"filesRemoved":0,"filesUnmatched":0,"filesUpdated":0,"matched":0,"total":0,"unchecked":0,"uncheckedKeysByFile":[],"unmatched":0,"updated":0},"startTime":1539456904659,"success":false,"testResults":[{"console":null,"failureMessage":"  ● The game should have a \"restart game\" button with the class \"restart-button\"\n\n    expect(received).toHaveLength(length)\n\n    Expected value to have length:\n      1\n    Received:\n      {Symbol(enzyme.__unrendered__): null, Symbol(enzyme.__renderer__): {\"batchedUpdates\": [Function batchedUpdates], \"getNode\": [Function getNode], \"render\": [Function render], \"simulateError\": [Function simulateError], \"simulateEvent\": [Function simulateEvent], \"unmount\": [Function unmount]}, Symbol(enzyme.__root__): {Symbol(enzyme.__unrendered__): <App />, Symbol(enzyme.__renderer__): {\"batchedUpdates\": [Function batchedUpdates], \"getNode\": [Function getNode], \"render\": [Function render], \"simulateError\": [Function simulateError], \"simulateEvent\": [Function simulateEvent], \"unmount\": [Function unmount]}, Symbol(enzyme.__root__): [Circular], Symbol(enzyme.__node__): {\"instance\": {\"_reactInternalFiber\": {\"_debugID\": 124, \"_debugIsCurrentlyTiming\": false, \"_debugOwner\": [FiberNode], \"_debugSource\": null, \"actualDuration\": 0, \"actualStartTime\": 0, \"alternate\": null, \"child\": [FiberNode], \"effectTag\": 1, \"expirationTime\": 0, \"firstEffect\": null, \"index\": 0, \"key\": null, \"lastEffect\": null, \"memoizedProps\": [Object], \"memoizedState\": [Object], \"mode\": 0, \"nextEffect\": null, \"pendingProps\": [Object], \"ref\": null, \"return\": [FiberNode], \"selfBaseTime\": 0, \"sibling\": null, \"stateNode\": [Circular], \"tag\": 2, \"treeBaseTime\": 0, \"type\": [Function App], \"updateQueue\": null}, \"_reactInternalInstance\": {}, \"context\": {}, \"deleteLetter\": [Function anonymous], \"props\": {}, \"reduceScore\": [Function anonymous], \"refs\": {}, \"state\": {\"letterStatus\": [Object], \"score\": 100}, \"updater\": {\"enqueueForceUpdate\": [Function enqueueForceUpdate], \"enqueueReplaceState\": [Function enqueueReplaceState], \"enqueueSetState\": [Function enqueueSetState], \"isMounted\": [Function isMounted]}}, \"key\": undefined, \"nodeType\": \"class\", \"props\": {}, \"ref\": null, \"rendered\": {\"instance\": <div><div … /><div … /><div … /></div>, \"key\": undefined, \"nodeType\": \"host\", \"props\": {\"children\": [Array]}, \"ref\": null, \"rendered\": [[Object], [Object], [Object]], \"type\": \"div\"}, \"type\": [Function App]}, Symbol(enzyme.__nodes__): [{\"instance\": {\"_reactInternalFiber\": [FiberNode], \"_reactInternalInstance\": [Object], \"context\": [Object], \"deleteLetter\": [Function anonymous], \"props\": [Object], \"reduceScore\": [Function anonymous], \"refs\": [Object], \"state\": [Object], \"updater\": [Object]}, \"key\": undefined, \"nodeType\": \"class\", \"props\": {}, \"ref\": null, \"rendered\": {\"instance\": <div … />, \"key\": undefined, \"nodeType\": \"host\", \"props\": [Object], \"ref\": null, \"rendered\": [Array], \"type\": \"div\"}, \"type\": [Function App]}], Symbol(enzyme.__options__): {\"adapter\": {\"options\": {\"enableComponentDidUpdateOnSetState\": true, \"lifecycles\": [Object]}}}}, Symbol(enzyme.__node__): undefined, Symbol(enzyme.__nodes__): [], Symbol(enzyme.__rootNodes__): [{\"instance\": {\"_reactInternalFiber\": {\"_debugID\": 124, \"_debugIsCurrentlyTiming\": false, \"_debugOwner\": [FiberNode], \"_debugSource\": null, \"actualDuration\": 0, \"actualStartTime\": 0, \"alternate\": null, \"child\": [FiberNode], \"effectTag\": 1, \"expirationTime\": 0, \"firstEffect\": null, \"index\": 0, \"key\": null, \"lastEffect\": null, \"memoizedProps\": [Object], \"memoizedState\": [Object], \"mode\": 0, \"nextEffect\": null, \"pendingProps\": [Object], \"ref\": null, \"return\": [FiberNode], \"selfBaseTime\": 0, \"sibling\": null, \"stateNode\": [Circular], \"tag\": 2, \"treeBaseTime\": 0, \"type\": [Function App], \"updateQueue\": null}, \"_reactInternalInstance\": {}, \"context\": {}, \"deleteLetter\": [Function anonymous], \"props\": {}, \"reduceScore\": [Function anonymous], \"refs\": {}, \"state\": {\"letterStatus\": [Object], \"score\": 100}, \"updater\": {\"enqueueForceUpdate\": [Function enqueueForceUpdate], \"enqueueReplaceState\": [Function enqueueReplaceState], \"enqueueSetState\": [Function enqueueSetState], \"isMounted\": [Function isMounted]}}, \"key\": undefined, \"nodeType\": \"class\", \"props\": {}, \"ref\": null, \"rendered\": {\"instance\": <div><div … /><div … /><div … /></div>, \"key\": undefined, \"nodeType\": \"host\", \"props\": {\"children\": [Array]}, \"ref\": null, \"rendered\": [[Object], [Object], [Object]], \"type\": \"div\"}, \"type\": [Function App]}], Symbol(enzyme.__options__): {\"adapter\": {\"options\": {\"enableComponentDidUpdateOnSetState\": true, \"lifecycles\": {\"componentDidUpdate\": [Object], \"getDerivedStateFromProps\": true, \"getSnapshotBeforeUpdate\": true, \"setState\": [Object]}}}}}\n    received.length:\n      0\n\n      22 | it('The game should have a \"restart game\" button with the class \"restart-button\"', () => {\n      23 |     const wrapper = mount(<App />);\n    > 24 |     expect(wrapper.find('.restart-game')).toHaveLength(1);\n         |                                           ^\n      25 | });\n      26 | \n      27 | it('The game should provide a new word when clicking the restart button', () => {\n\n      at Object.newMatcher [as toHaveLength] (node_modules/jest-expect-message/dist/withMessage.js:23:14)\n      at Object.toHaveLength (.guides/secure/.test/ex-4.test.js:24:43)\n\n  ● The game should provide a new word when clicking the restart button\n\n    Method “simulate” is only meant to be run on a single node. 0 found instead.\n\n      29 |     const restartButton = wrapper.find('.restart-game');\n      30 |     let oldWord = wrapper.state('word');\n    > 31 |     restartButton.simulate('click');\n         |                   ^\n      32 |     let newWord = wrapper.state('word');\n      33 |     expect(oldWord).not.toEqual(newWord);\n      34 | });\n\n      at ReactWrapper.single (node_modules/enzyme/build/ReactWrapper.js:1651:17)\n      at ReactWrapper.simulate (node_modules/enzyme/build/ReactWrapper.js:928:21)\n      at Object.simulate (.guides/secure/.test/ex-4.test.js:31:19)\n\n  ● The game should provide a new hint when clicking the restart button\n\n    Method “simulate” is only meant to be run on a single node. 0 found instead.\n\n      38 |     const restartButton = wrapper.find('.restart-game');\n      39 |     let oldHint = wrapper.state().hint;\n    > 40 |     restartButton.simulate('click');\n         |                   ^\n      41 |     let newHint = wrapper.state().hint;\n      42 |     expect(oldHint).not.toEqual(newHint);\n      43 | });\n\n      at ReactWrapper.single (node_modules/enzyme/build/ReactWrapper.js:1651:17)\n      at ReactWrapper.simulate (node_modules/enzyme/build/ReactWrapper.js:928:21)\n      at Object.simulate (.guides/secure/.test/ex-4.test.js:40:19)\n","numFailingTests":3,"numPassingTests":1,"numPendingTests":0,"perfStats":{"end":1539456906278,"start":1539456905150},"snapshot":{"added":0,"fileDeleted":false,"matched":0,"unchecked":0,"unmatched":0,"updated":0,"uncheckedKeys":[]},"testFilePath":"/home/codio/workspace/.guides/secure/.test/ex-4.test.js","testResults":[{"ancestorTitles":[],"duration":19,"failureMessages":[],"fullName":"Application should render without crashing","location":null,"numPassingAsserts":0,"status":"passed","title":"Application should render without crashing"},{"ancestorTitles":[],"duration":69,"failureMessages":["Error: expect(received).toHaveLength(length)\n\nExpected value to have length:\n  1\nReceived:\n  {Symbol(enzyme.__unrendered__): null, Symbol(enzyme.__renderer__): {\"batchedUpdates\": [Function batchedUpdates], \"getNode\": [Function getNode], \"render\": [Function render], \"simulateError\": [Function simulateError], \"simulateEvent\": [Function simulateEvent], \"unmount\": [Function unmount]}, Symbol(enzyme.__root__): {Symbol(enzyme.__unrendered__): <App />, Symbol(enzyme.__renderer__): {\"batchedUpdates\": [Function batchedUpdates], \"getNode\": [Function getNode], \"render\": [Function render], \"simulateError\": [Function simulateError], \"simulateEvent\": [Function simulateEvent], \"unmount\": [Function unmount]}, Symbol(enzyme.__root__): [Circular], Symbol(enzyme.__node__): {\"instance\": {\"_reactInternalFiber\": {\"_debugID\": 124, \"_debugIsCurrentlyTiming\": false, \"_debugOwner\": [FiberNode], \"_debugSource\": null, \"actualDuration\": 0, \"actualStartTime\": 0, \"alternate\": null, \"child\": [FiberNode], \"effectTag\": 1, \"expirationTime\": 0, \"firstEffect\": null, \"index\": 0, \"key\": null, \"lastEffect\": null, \"memoizedProps\": [Object], \"memoizedState\": [Object], \"mode\": 0, \"nextEffect\": null, \"pendingProps\": [Object], \"ref\": null, \"return\": [FiberNode], \"selfBaseTime\": 0, \"sibling\": null, \"stateNode\": [Circular], \"tag\": 2, \"treeBaseTime\": 0, \"type\": [Function App], \"updateQueue\": null}, \"_reactInternalInstance\": {}, \"context\": {}, \"deleteLetter\": [Function anonymous], \"props\": {}, \"reduceScore\": [Function anonymous], \"refs\": {}, \"state\": {\"letterStatus\": [Object], \"score\": 100}, \"updater\": {\"enqueueForceUpdate\": [Function enqueueForceUpdate], \"enqueueReplaceState\": [Function enqueueReplaceState], \"enqueueSetState\": [Function enqueueSetState], \"isMounted\": [Function isMounted]}}, \"key\": undefined, \"nodeType\": \"class\", \"props\": {}, \"ref\": null, \"rendered\": {\"instance\": <div><div … /><div … /><div … /></div>, \"key\": undefined, \"nodeType\": \"host\", \"props\": {\"children\": [Array]}, \"ref\": null, \"rendered\": [[Object], [Object], [Object]], \"type\": \"div\"}, \"type\": [Function App]}, Symbol(enzyme.__nodes__): [{\"instance\": {\"_reactInternalFiber\": [FiberNode], \"_reactInternalInstance\": [Object], \"context\": [Object], \"deleteLetter\": [Function anonymous], \"props\": [Object], \"reduceScore\": [Function anonymous], \"refs\": [Object], \"state\": [Object], \"updater\": [Object]}, \"key\": undefined, \"nodeType\": \"class\", \"props\": {}, \"ref\": null, \"rendered\": {\"instance\": <div … />, \"key\": undefined, \"nodeType\": \"host\", \"props\": [Object], \"ref\": null, \"rendered\": [Array], \"type\": \"div\"}, \"type\": [Function App]}], Symbol(enzyme.__options__): {\"adapter\": {\"options\": {\"enableComponentDidUpdateOnSetState\": true, \"lifecycles\": [Object]}}}}, Symbol(enzyme.__node__): undefined, Symbol(enzyme.__nodes__): [], Symbol(enzyme.__rootNodes__): [{\"instance\": {\"_reactInternalFiber\": {\"_debugID\": 124, \"_debugIsCurrentlyTiming\": false, \"_debugOwner\": [FiberNode], \"_debugSource\": null, \"actualDuration\": 0, \"actualStartTime\": 0, \"alternate\": null, \"child\": [FiberNode], \"effectTag\": 1, \"expirationTime\": 0, \"firstEffect\": null, \"index\": 0, \"key\": null, \"lastEffect\": null, \"memoizedProps\": [Object], \"memoizedState\": [Object], \"mode\": 0, \"nextEffect\": null, \"pendingProps\": [Object], \"ref\": null, \"return\": [FiberNode], \"selfBaseTime\": 0, \"sibling\": null, \"stateNode\": [Circular], \"tag\": 2, \"treeBaseTime\": 0, \"type\": [Function App], \"updateQueue\": null}, \"_reactInternalInstance\": {}, \"context\": {}, \"deleteLetter\": [Function anonymous], \"props\": {}, \"reduceScore\": [Function anonymous], \"refs\": {}, \"state\": {\"letterStatus\": [Object], \"score\": 100}, \"updater\": {\"enqueueForceUpdate\": [Function enqueueForceUpdate], \"enqueueReplaceState\": [Function enqueueReplaceState], \"enqueueSetState\": [Function enqueueSetState], \"isMounted\": [Function isMounted]}}, \"key\": undefined, \"nodeType\": \"class\", \"props\": {}, \"ref\": null, \"rendered\": {\"instance\": <div><div … /><div … /><div … /></div>, \"key\": undefined, \"nodeType\": \"host\", \"props\": {\"children\": [Array]}, \"ref\": null, \"rendered\": [[Object], [Object], [Object]], \"type\": \"div\"}, \"type\": [Function App]}], Symbol(enzyme.__options__): {\"adapter\": {\"options\": {\"enableComponentDidUpdateOnSetState\": true, \"lifecycles\": {\"componentDidUpdate\": [Object], \"getDerivedStateFromProps\": true, \"getSnapshotBeforeUpdate\": true, \"setState\": [Object]}}}}}\nreceived.length:\n  0\n    at Object.newMatcher [as toHaveLength] (/home/codio/workspace/node_modules/jest-expect-message/dist/withMessage.js:23:14)\n    at Object.toHaveLength (/home/codio/workspace/.guides/secure/.test/ex-4.test.js:24:43)\n    at Object.asyncJestTest (/home/codio/workspace/node_modules/jest-jasmine2/build/jasmine_async.js:108:37)\n    at resolve (/home/codio/workspace/node_modules/jest-jasmine2/build/queue_runner.js:56:12)\n    at new Promise (<anonymous>)\n    at mapper (/home/codio/workspace/node_modules/jest-jasmine2/build/queue_runner.js:43:19)\n    at promise.then (/home/codio/workspace/node_modules/jest-jasmine2/build/queue_runner.js:87:41)\n    at <anonymous>\n    at process._tickCallback (internal/process/next_tick.js:188:7)"],"fullName":"The game should have a \"restart game\" button with the class \"restart-button\"","location":null,"numPassingAsserts":0,"status":"failed","title":"The game should have a \"restart game\" button with the class \"restart-button\""},{"ancestorTitles":[],"duration":8,"failureMessages":["Error: Method “simulate” is only meant to be run on a single node. 0 found instead.\n    at ReactWrapper.single (/home/codio/workspace/node_modules/enzyme/build/ReactWrapper.js:1651:17)\n    at ReactWrapper.simulate (/home/codio/workspace/node_modules/enzyme/build/ReactWrapper.js:928:21)\n    at Object.simulate (/home/codio/workspace/.guides/secure/.test/ex-4.test.js:31:19)\n    at Object.asyncJestTest (/home/codio/workspace/node_modules/jest-jasmine2/build/jasmine_async.js:108:37)\n    at resolve (/home/codio/workspace/node_modules/jest-jasmine2/build/queue_runner.js:56:12)\n    at new Promise (<anonymous>)\n    at mapper (/home/codio/workspace/node_modules/jest-jasmine2/build/queue_runner.js:43:19)\n    at promise.then (/home/codio/workspace/node_modules/jest-jasmine2/build/queue_runner.js:87:41)\n    at <anonymous>\n    at process._tickCallback (internal/process/next_tick.js:188:7)"],"fullName":"The game should provide a new word when clicking the restart button","location":null,"numPassingAsserts":0,"status":"failed","title":"The game should provide a new word when clicking the restart button"},{"ancestorTitles":[],"duration":6,"failureMessages":["Error: Method “simulate” is only meant to be run on a single node. 0 found instead.\n    at ReactWrapper.single (/home/codio/workspace/node_modules/enzyme/build/ReactWrapper.js:1651:17)\n    at ReactWrapper.simulate (/home/codio/workspace/node_modules/enzyme/build/ReactWrapper.js:928:21)\n    at Object.simulate (/home/codio/workspace/.guides/secure/.test/ex-4.test.js:40:19)\n    at Object.asyncJestTest (/home/codio/workspace/node_modules/jest-jasmine2/build/jasmine_async.js:108:37)\n    at resolve (/home/codio/workspace/node_modules/jest-jasmine2/build/queue_runner.js:56:12)\n    at new Promise (<anonymous>)\n    at mapper (/home/codio/workspace/node_modules/jest-jasmine2/build/queue_runner.js:43:19)\n    at promise.then (/home/codio/workspace/node_modules/jest-jasmine2/build/queue_runner.js:87:41)\n    at <anonymous>\n    at process._tickCallback (internal/process/next_tick.js:188:7)"],"fullName":"The game should provide a new hint when clicking the restart button","location":null,"numPassingAsserts":0,"status":"failed","title":"The game should provide a new hint when clicking the restart button"}],"sourceMaps":{},"skipped":false,"leaks":false}],"wasInterrupted":false}