{"numFailedTestSuites":1,"numFailedTests":1,"numPassedTestSuites":0,"numPassedTests":1,"numPendingTestSuites":0,"numPendingTests":0,"numRuntimeErrorTestSuites":0,"numTotalTestSuites":1,"numTotalTests":2,"openHandles":[],"snapshot":{"added":0,"didUpdate":false,"failure":false,"filesAdded":0,"filesRemoved":0,"filesUnmatched":0,"filesUpdated":0,"matched":0,"total":0,"unchecked":0,"uncheckedKeysByFile":[],"unmatched":0,"updated":0},"startTime":1539077319512,"success":false,"testResults":[{"console":null,"failureMessage":"\u001b[1m\u001b[31m  \u001b[1m● \u001b[1mApp should have one Letter component under Letters\u001b[39m\u001b[22m\n\n    Invariant Violation: ReactShallowRenderer render(): Shallow rendering works only with custom components, but the provided element type was `object`.\n\u001b[2m\u001b[22m\n\u001b[2m    \u001b[0m \u001b[90m 20 | \u001b[39m\u001b[0m\u001b[22m\n\u001b[2m    \u001b[0m \u001b[90m 21 | \u001b[39mit(\u001b[32m'App should have one Letter component under Letters'\u001b[39m\u001b[33m,\u001b[39m () \u001b[33m=>\u001b[39m {\u001b[0m\u001b[22m\n\u001b[2m    \u001b[0m\u001b[31m\u001b[1m>\u001b[2m\u001b[39m\u001b[90m 22 | \u001b[39m    \u001b[36mconst\u001b[39m wrapper \u001b[33m=\u001b[39m shallow(\u001b[33m<\u001b[39m\u001b[33mLetters\u001b[39m \u001b[33m/\u001b[39m\u001b[33m>\u001b[39m)\u001b[33m;\u001b[39m\u001b[0m\u001b[22m\n\u001b[2m    \u001b[0m \u001b[90m    | \u001b[39m                    \u001b[31m\u001b[1m^\u001b[2m\u001b[39m\u001b[0m\u001b[22m\n\u001b[2m    \u001b[0m \u001b[90m 23 | \u001b[39m    expect(wrapper\u001b[33m.\u001b[39mfind(\u001b[33mLetter\u001b[39m))\u001b[33m.\u001b[39mtoHaveLength(\u001b[35m1\u001b[39m)\u001b[33m;\u001b[39m\u001b[0m\u001b[22m\n\u001b[2m    \u001b[0m \u001b[90m 24 | \u001b[39m})\u001b[33m;\u001b[39m\u001b[0m\u001b[22m\n\u001b[2m\u001b[22m\n\u001b[2m      \u001b[2mat invariant (\u001b[2m\u001b[0m\u001b[36mnode_modules/fbjs/lib/invariant.js\u001b[39m\u001b[0m\u001b[2m:42:15)\u001b[2m\u001b[22m\n\u001b[2m      \u001b[2mat ReactShallowRenderer.render (\u001b[2m\u001b[0m\u001b[36mnode_modules/react-test-renderer/cjs/react-test-renderer-shallow.development.js\u001b[39m\u001b[0m\u001b[2m:115:78)\u001b[2m\u001b[22m\n\u001b[2m      \u001b[2mat \u001b[2m\u001b[0m\u001b[36mnode_modules/enzyme-adapter-react-16/build/ReactSixteenAdapter.js\u001b[39m\u001b[0m\u001b[2m:287:35\u001b[2m\u001b[22m\n\u001b[2m      \u001b[2mat withSetStateAllowed (\u001b[2m\u001b[0m\u001b[36mnode_modules/enzyme-adapter-utils/build/Utils.js\u001b[39m\u001b[0m\u001b[2m:103:16)\u001b[2m\u001b[22m\n\u001b[2m      \u001b[2mat Object.render (\u001b[2m\u001b[0m\u001b[36mnode_modules/enzyme-adapter-react-16/build/ReactSixteenAdapter.js\u001b[39m\u001b[0m\u001b[2m:286:68)\u001b[2m\u001b[22m\n\u001b[2m      \u001b[2mat new ShallowWrapper (\u001b[2m\u001b[0m\u001b[36mnode_modules/enzyme/build/ShallowWrapper.js\u001b[39m\u001b[0m\u001b[2m:119:22)\u001b[2m\u001b[22m\n\u001b[2m      \u001b[2mat shallow (\u001b[2m\u001b[0m\u001b[36mnode_modules/enzyme/build/shallow.js\u001b[39m\u001b[0m\u001b[2m:19:10)\u001b[2m\u001b[22m\n\u001b[2m      \u001b[2mat Object.<anonymous> (\u001b[2m\u001b[0m\u001b[36m.test/ex-2.test.js\u001b[39m\u001b[0m\u001b[2m:22:21)\u001b[2m\u001b[22m\n","numFailingTests":1,"numPassingTests":1,"numPendingTests":0,"perfStats":{"end":1539077321620,"start":1539077320449},"snapshot":{"added":0,"fileDeleted":false,"matched":0,"unchecked":0,"unmatched":0,"updated":0,"uncheckedKeys":[]},"testFilePath":"/Users/tal/Documents/Projects/react-lesson/.test/ex-2.test.js","testResults":[{"ancestorTitles":[],"duration":25,"failureMessages":[],"fullName":"Application should render without crashing","location":null,"numPassingAsserts":0,"status":"passed","title":"Application should render without crashing"},{"ancestorTitles":[],"duration":17,"failureMessages":["Invariant Violation: ReactShallowRenderer render(): Shallow rendering works only with custom components, but the provided element type was `object`.\n    at invariant (/Users/tal/Documents/Projects/react-lesson/node_modules/fbjs/lib/invariant.js:42:15)\n    at ReactShallowRenderer.render (/Users/tal/Documents/Projects/react-lesson/node_modules/react-test-renderer/cjs/react-test-renderer-shallow.development.js:115:78)\n    at /Users/tal/Documents/Projects/react-lesson/node_modules/enzyme-adapter-react-16/build/ReactSixteenAdapter.js:287:35\n    at withSetStateAllowed (/Users/tal/Documents/Projects/react-lesson/node_modules/enzyme-adapter-utils/build/Utils.js:103:16)\n    at Object.render (/Users/tal/Documents/Projects/react-lesson/node_modules/enzyme-adapter-react-16/build/ReactSixteenAdapter.js:286:68)\n    at new ShallowWrapper (/Users/tal/Documents/Projects/react-lesson/node_modules/enzyme/build/ShallowWrapper.js:119:22)\n    at shallow (/Users/tal/Documents/Projects/react-lesson/node_modules/enzyme/build/shallow.js:19:10)\n    at Object.<anonymous> (/Users/tal/Documents/Projects/react-lesson/.test/ex-2.test.js:22:21)\n    at Object.asyncFn (/Users/tal/Documents/Projects/react-lesson/node_modules/jest-jasmine2/build/jasmine_async.js:108:37)\n    at resolve (/Users/tal/Documents/Projects/react-lesson/node_modules/jest-jasmine2/build/queue_runner.js:56:12)\n    at new Promise (<anonymous>)\n    at mapper (/Users/tal/Documents/Projects/react-lesson/node_modules/jest-jasmine2/build/queue_runner.js:43:19)\n    at promise.then (/Users/tal/Documents/Projects/react-lesson/node_modules/jest-jasmine2/build/queue_runner.js:87:41)\n    at <anonymous>\n    at process._tickCallback (internal/process/next_tick.js:188:7)"],"fullName":"App should have one Letter component under Letters","location":null,"numPassingAsserts":0,"status":"failed","title":"App should have one Letter component under Letters"}],"sourceMaps":{},"skipped":false,"leaks":false}],"wasInterrupted":false}