{"numFailedTestSuites":1,"numFailedTests":1,"numPassedTestSuites":0,"numPassedTests":2,"numPendingTestSuites":0,"numPendingTests":0,"numRuntimeErrorTestSuites":0,"numTotalTestSuites":1,"numTotalTests":3,"openHandles":[],"snapshot":{"added":0,"didUpdate":false,"failure":false,"filesAdded":0,"filesRemoved":0,"filesUnmatched":0,"filesUpdated":0,"matched":0,"total":0,"unchecked":0,"uncheckedKeysByFile":[],"unmatched":0,"updated":0},"startTime":1533638469187,"success":false,"testResults":[{"console":null,"failureMessage":"  ● App should have one Letters component in root\n\n    expect(received).toHaveLength(length)\n\n    Expected value to have length:\n      2\n    Received:\n      {\"length\": 1, Symbol(enzyme.__root__): {\"length\": 1, Symbol(enzyme.__root__): [Circular], Symbol(enzyme.__unrendered__): <App />, Symbol(enzyme.__renderer__): {\"batchedUpdates\": [Function batchedUpdates], \"getNode\": [Function getNode], \"render\": [Function render], \"simulateEvent\": [Function simulateEvent], \"unmount\": [Function unmount]}, Symbol(enzyme.__node__): {\"instance\": null, \"key\": undefined, \"nodeType\": \"host\", \"props\": {\"children\": [<Score />, <Letters />]}, \"ref\": null, \"rendered\": [{\"instance\": null, \"key\": undefined, \"nodeType\": \"class\", \"props\": {}, \"ref\": null, \"rendered\": null, \"type\": [Function Score]}, {\"instance\": null, \"key\": undefined, \"nodeType\": \"class\", \"props\": {}, \"ref\": null, \"rendered\": null, \"type\": [Function Letters]}], \"type\": \"div\"}, Symbol(enzyme.__nodes__): [{\"instance\": null, \"key\": undefined, \"nodeType\": \"host\", \"props\": {\"children\": [<Score />, <Letters />]}, \"ref\": null, \"rendered\": [{\"instance\": null, \"key\": undefined, \"nodeType\": \"class\", \"props\": {}, \"ref\": null, \"rendered\": null, \"type\": [Function Score]}, {\"instance\": null, \"key\": undefined, \"nodeType\": \"class\", \"props\": {}, \"ref\": null, \"rendered\": null, \"type\": [Function Letters]}], \"type\": \"div\"}], Symbol(enzyme.__options__): {\"adapter\": {\"options\": {\"enableComponentDidUpdateOnSetState\": true}}}}, Symbol(enzyme.__unrendered__): null, Symbol(enzyme.__renderer__): {\"batchedUpdates\": [Function batchedUpdates], \"getNode\": [Function getNode], \"render\": [Function render], \"simulateEvent\": [Function simulateEvent], \"unmount\": [Function unmount]}, Symbol(enzyme.__node__): {\"instance\": null, \"key\": undefined, \"nodeType\": \"class\", \"props\": {}, \"ref\": null, \"rendered\": null, \"type\": [Function Letters]}, Symbol(enzyme.__nodes__): [{\"instance\": null, \"key\": undefined, \"nodeType\": \"class\", \"props\": {}, \"ref\": null, \"rendered\": null, \"type\": [Function Letters]}], Symbol(enzyme.__options__): {\"adapter\": {\"options\": {\"enableComponentDidUpdateOnSetState\": true}}}}\n    received.length:\n      1\n\n      27 | it('App should have one Letters component in root', () => {\n      28 |     const wrapper = shallow(<App />);\n    > 29 |     expect(wrapper.find(Letters)).toHaveLength(2); // there must be exactly one Letters component\n         |                                   ^\n      30 | });\n      31 | \n      32 | it('App should have one Letter component under Letters', () => {\n\n      at Object.<anonymous> (.test/App.test.js:29:35)\n","numFailingTests":1,"numPassingTests":2,"numPendingTests":0,"perfStats":{"end":1533638470745,"start":1533638469805},"snapshot":{"added":0,"fileDeleted":false,"matched":0,"unchecked":0,"unmatched":0,"updated":0,"uncheckedKeys":[]},"testFilePath":"/Users/tal/Documents/Projects/react-lesson/.test/App.test.js","testResults":[{"ancestorTitles":[],"duration":19,"failureMessages":[],"fullName":"Application should render without crashing","location":null,"numPassingAsserts":0,"status":"passed","title":"Application should render without crashing"},{"ancestorTitles":[],"duration":16,"failureMessages":["Error: expect(received).toHaveLength(length)\n\nExpected value to have length:\n  2\nReceived:\n  {\"length\": 1, Symbol(enzyme.__root__): {\"length\": 1, Symbol(enzyme.__root__): [Circular], Symbol(enzyme.__unrendered__): <App />, Symbol(enzyme.__renderer__): {\"batchedUpdates\": [Function batchedUpdates], \"getNode\": [Function getNode], \"render\": [Function render], \"simulateEvent\": [Function simulateEvent], \"unmount\": [Function unmount]}, Symbol(enzyme.__node__): {\"instance\": null, \"key\": undefined, \"nodeType\": \"host\", \"props\": {\"children\": [<Score />, <Letters />]}, \"ref\": null, \"rendered\": [{\"instance\": null, \"key\": undefined, \"nodeType\": \"class\", \"props\": {}, \"ref\": null, \"rendered\": null, \"type\": [Function Score]}, {\"instance\": null, \"key\": undefined, \"nodeType\": \"class\", \"props\": {}, \"ref\": null, \"rendered\": null, \"type\": [Function Letters]}], \"type\": \"div\"}, Symbol(enzyme.__nodes__): [{\"instance\": null, \"key\": undefined, \"nodeType\": \"host\", \"props\": {\"children\": [<Score />, <Letters />]}, \"ref\": null, \"rendered\": [{\"instance\": null, \"key\": undefined, \"nodeType\": \"class\", \"props\": {}, \"ref\": null, \"rendered\": null, \"type\": [Function Score]}, {\"instance\": null, \"key\": undefined, \"nodeType\": \"class\", \"props\": {}, \"ref\": null, \"rendered\": null, \"type\": [Function Letters]}], \"type\": \"div\"}], Symbol(enzyme.__options__): {\"adapter\": {\"options\": {\"enableComponentDidUpdateOnSetState\": true}}}}, Symbol(enzyme.__unrendered__): null, Symbol(enzyme.__renderer__): {\"batchedUpdates\": [Function batchedUpdates], \"getNode\": [Function getNode], \"render\": [Function render], \"simulateEvent\": [Function simulateEvent], \"unmount\": [Function unmount]}, Symbol(enzyme.__node__): {\"instance\": null, \"key\": undefined, \"nodeType\": \"class\", \"props\": {}, \"ref\": null, \"rendered\": null, \"type\": [Function Letters]}, Symbol(enzyme.__nodes__): [{\"instance\": null, \"key\": undefined, \"nodeType\": \"class\", \"props\": {}, \"ref\": null, \"rendered\": null, \"type\": [Function Letters]}], Symbol(enzyme.__options__): {\"adapter\": {\"options\": {\"enableComponentDidUpdateOnSetState\": true}}}}\nreceived.length:\n  1\n    at Object.<anonymous> (/Users/tal/Documents/Projects/react-lesson/.test/App.test.js:29:35)\n    at Object.asyncFn (/Users/tal/Documents/Projects/react-lesson/node_modules/jest-jasmine2/build/jasmine_async.js:108:37)\n    at resolve (/Users/tal/Documents/Projects/react-lesson/node_modules/jest-jasmine2/build/queue_runner.js:56:12)\n    at new Promise (<anonymous>)\n    at mapper (/Users/tal/Documents/Projects/react-lesson/node_modules/jest-jasmine2/build/queue_runner.js:43:19)\n    at promise.then (/Users/tal/Documents/Projects/react-lesson/node_modules/jest-jasmine2/build/queue_runner.js:87:41)\n    at <anonymous>\n    at process._tickCallback (internal/process/next_tick.js:188:7)"],"fullName":"App should have one Letters component in root","location":null,"numPassingAsserts":0,"status":"failed","title":"App should have one Letters component in root"},{"ancestorTitles":[],"duration":0,"failureMessages":[],"fullName":"App should have one Letter component under Letters","location":null,"numPassingAsserts":0,"status":"passed","title":"App should have one Letter component under Letters"}],"sourceMaps":{},"skipped":false,"leaks":false}],"wasInterrupted":false}