{"numFailedTestSuites":1,"numFailedTests":2,"numPassedTestSuites":0,"numPassedTests":1,"numPendingTestSuites":0,"numPendingTests":0,"numRuntimeErrorTestSuites":0,"numTotalTestSuites":1,"numTotalTests":3,"openHandles":[],"snapshot":{"added":0,"didUpdate":false,"failure":false,"filesAdded":0,"filesRemoved":0,"filesUnmatched":0,"filesUpdated":0,"matched":0,"total":0,"unchecked":0,"uncheckedKeysByFile":[],"unmatched":0,"updated":0},"startTime":1539454602344,"success":false,"testResults":[{"console":null,"failureMessage":"  ● App should have a button with a .reduce-button class\n\n    expect(received).toHaveLength(length)\n\n    Expected value to have length:\n      1\n    Received:\n      {\"length\": 0, Symbol(enzyme.__root__): {\"length\": 1, Symbol(enzyme.__root__): [Circular], Symbol(enzyme.__unrendered__): <App />, Symbol(enzyme.__renderer__): {\"batchedUpdates\": [Function batchedUpdates], \"getNode\": [Function getNode], \"render\": [Function render], \"simulateEvent\": [Function simulateEvent], \"unmount\": [Function unmount]}, Symbol(enzyme.__node__): {\"instance\": null, \"key\": undefined, \"nodeType\": \"host\", \"props\": {\"children\": [<Score />, <Letters />]}, \"ref\": null, \"rendered\": [{\"instance\": null, \"key\": undefined, \"nodeType\": \"function\", \"props\": {}, \"ref\": null, \"rendered\": null, \"type\": [Function Score]}, {\"instance\": null, \"key\": undefined, \"nodeType\": \"class\", \"props\": {}, \"ref\": null, \"rendered\": null, \"type\": [Function Letters]}], \"type\": \"div\"}, Symbol(enzyme.__nodes__): [{\"instance\": null, \"key\": undefined, \"nodeType\": \"host\", \"props\": {\"children\": [<Score />, <Letters />]}, \"ref\": null, \"rendered\": [{\"instance\": null, \"key\": undefined, \"nodeType\": \"function\", \"props\": {}, \"ref\": null, \"rendered\": null, \"type\": [Function Score]}, {\"instance\": null, \"key\": undefined, \"nodeType\": \"class\", \"props\": {}, \"ref\": null, \"rendered\": null, \"type\": [Function Letters]}], \"type\": \"div\"}], Symbol(enzyme.__options__): {\"adapter\": {\"options\": {\"enableComponentDidUpdateOnSetState\": true}}}}, Symbol(enzyme.__unrendered__): null, Symbol(enzyme.__renderer__): {\"batchedUpdates\": [Function batchedUpdates], \"getNode\": [Function getNode], \"render\": [Function render], \"simulateEvent\": [Function simulateEvent], \"unmount\": [Function unmount]}, Symbol(enzyme.__node__): undefined, Symbol(enzyme.__nodes__): [], Symbol(enzyme.__options__): {\"adapter\": {\"options\": {\"enableComponentDidUpdateOnSetState\": true}}}}\n    received.length:\n      0\n\n      22 | it('App should have a button with a .reduce-button class', () => {\n      23 |   const wrapper = shallow(<App/>);\n    > 24 |   expect(wrapper.find('.reduce-button')).toHaveLength(1);\n         |                                          ^\n      25 | });\n      26 | \n      27 | it('Clicking the reduce score button should reduce score by 10', () => {\n\n      at Object.newMatcher [as toHaveLength] (node_modules/jest-expect-message/dist/withMessage.js:23:7)\n      at Object.<anonymous> (.guides/secure/.test/ex-4.test.js:24:42)\n\n  ● Clicking the reduce score button should reduce score by 10\n\n    Method “simulate” is only meant to be run on a single node. 0 found instead.\n\n      29 |     wrapper.setState({ score: 100 });\n      30 |     wrapper.update();\n    > 31 |     wrapper.find('.reduce-button').simulate('click');\n         |                                    ^\n      32 |     expect(wrapper.state('score')).toEqual(90);\n      33 | });\n      34 | \n\n      at ReactWrapper.single (node_modules/enzyme/build/ReactWrapper.js:1532:17)\n      at ReactWrapper.simulate (node_modules/enzyme/build/ReactWrapper.js:867:14)\n      at Object.<anonymous> (.guides/secure/.test/ex-4.test.js:31:36)\n","numFailingTests":2,"numPassingTests":1,"numPendingTests":0,"perfStats":{"end":1539454603870,"start":1539454602807},"snapshot":{"added":0,"fileDeleted":false,"matched":0,"unchecked":0,"unmatched":0,"updated":0,"uncheckedKeys":[]},"testFilePath":"/home/codio/workspace/.guides/secure/.test/ex-4.test.js","testResults":[{"ancestorTitles":[],"duration":15,"failureMessages":[],"fullName":"Application should render without crashing","location":null,"numPassingAsserts":0,"status":"passed","title":"Application should render without crashing"},{"ancestorTitles":[],"duration":15,"failureMessages":["Error: expect(received).toHaveLength(length)\n\nExpected value to have length:\n  1\nReceived:\n  {\"length\": 0, Symbol(enzyme.__root__): {\"length\": 1, Symbol(enzyme.__root__): [Circular], Symbol(enzyme.__unrendered__): <App />, Symbol(enzyme.__renderer__): {\"batchedUpdates\": [Function batchedUpdates], \"getNode\": [Function getNode], \"render\": [Function render], \"simulateEvent\": [Function simulateEvent], \"unmount\": [Function unmount]}, Symbol(enzyme.__node__): {\"instance\": null, \"key\": undefined, \"nodeType\": \"host\", \"props\": {\"children\": [<Score />, <Letters />]}, \"ref\": null, \"rendered\": [{\"instance\": null, \"key\": undefined, \"nodeType\": \"function\", \"props\": {}, \"ref\": null, \"rendered\": null, \"type\": [Function Score]}, {\"instance\": null, \"key\": undefined, \"nodeType\": \"class\", \"props\": {}, \"ref\": null, \"rendered\": null, \"type\": [Function Letters]}], \"type\": \"div\"}, Symbol(enzyme.__nodes__): [{\"instance\": null, \"key\": undefined, \"nodeType\": \"host\", \"props\": {\"children\": [<Score />, <Letters />]}, \"ref\": null, \"rendered\": [{\"instance\": null, \"key\": undefined, \"nodeType\": \"function\", \"props\": {}, \"ref\": null, \"rendered\": null, \"type\": [Function Score]}, {\"instance\": null, \"key\": undefined, \"nodeType\": \"class\", \"props\": {}, \"ref\": null, \"rendered\": null, \"type\": [Function Letters]}], \"type\": \"div\"}], Symbol(enzyme.__options__): {\"adapter\": {\"options\": {\"enableComponentDidUpdateOnSetState\": true}}}}, Symbol(enzyme.__unrendered__): null, Symbol(enzyme.__renderer__): {\"batchedUpdates\": [Function batchedUpdates], \"getNode\": [Function getNode], \"render\": [Function render], \"simulateEvent\": [Function simulateEvent], \"unmount\": [Function unmount]}, Symbol(enzyme.__node__): undefined, Symbol(enzyme.__nodes__): [], Symbol(enzyme.__options__): {\"adapter\": {\"options\": {\"enableComponentDidUpdateOnSetState\": true}}}}\nreceived.length:\n  0\n    at Object.newMatcher [as toHaveLength] (/home/codio/workspace/node_modules/jest-expect-message/dist/withMessage.js:23:7)\n    at Object.<anonymous> (/home/codio/workspace/.guides/secure/.test/ex-4.test.js:24:42)\n    at Object.asyncFn (/home/codio/workspace/node_modules/jest-jasmine2/build/jasmine_async.js:108:37)\n    at resolve (/home/codio/workspace/node_modules/jest-jasmine2/build/queue_runner.js:56:12)\n    at new Promise (<anonymous>)\n    at mapper (/home/codio/workspace/node_modules/jest-jasmine2/build/queue_runner.js:43:19)\n    at promise.then (/home/codio/workspace/node_modules/jest-jasmine2/build/queue_runner.js:87:41)\n    at <anonymous>\n    at process._tickCallback (internal/process/next_tick.js:188:7)"],"fullName":"App should have a button with a .reduce-button class","location":null,"numPassingAsserts":0,"status":"failed","title":"App should have a button with a .reduce-button class"},{"ancestorTitles":[],"duration":6,"failureMessages":["Error: Method “simulate” is only meant to be run on a single node. 0 found instead.\n    at ReactWrapper.single (/home/codio/workspace/node_modules/enzyme/build/ReactWrapper.js:1532:17)\n    at ReactWrapper.simulate (/home/codio/workspace/node_modules/enzyme/build/ReactWrapper.js:867:14)\n    at Object.<anonymous> (/home/codio/workspace/.guides/secure/.test/ex-4.test.js:31:36)\n    at Object.asyncFn (/home/codio/workspace/node_modules/jest-jasmine2/build/jasmine_async.js:108:37)\n    at resolve (/home/codio/workspace/node_modules/jest-jasmine2/build/queue_runner.js:56:12)\n    at new Promise (<anonymous>)\n    at mapper (/home/codio/workspace/node_modules/jest-jasmine2/build/queue_runner.js:43:19)\n    at promise.then (/home/codio/workspace/node_modules/jest-jasmine2/build/queue_runner.js:87:41)\n    at <anonymous>\n    at process._tickCallback (internal/process/next_tick.js:188:7)"],"fullName":"Clicking the reduce score button should reduce score by 10","location":null,"numPassingAsserts":0,"status":"failed","title":"Clicking the reduce score button should reduce score by 10"}],"sourceMaps":{},"skipped":false,"leaks":false}],"wasInterrupted":false}