{"numFailedTestSuites":0,"numFailedTests":0,"numPassedTestSuites":1,"numPassedTests":4,"numPendingTestSuites":0,"numPendingTests":0,"numRuntimeErrorTestSuites":0,"numTotalTestSuites":1,"numTotalTests":4,"openHandles":[],"snapshot":{"added":0,"didUpdate":false,"failure":false,"filesAdded":0,"filesRemoved":0,"filesUnmatched":0,"filesUpdated":0,"matched":0,"total":0,"unchecked":0,"uncheckedKeysByFile":[],"unmatched":0,"updated":0},"startTime":1538489306899,"success":true,"testResults":[{"console":null,"failureMessage":null,"numFailingTests":0,"numPassingTests":4,"numPendingTests":0,"perfStats":{"end":1538489309359,"start":1538489307645},"snapshot":{"added":0,"fileDeleted":false,"matched":0,"unchecked":0,"unmatched":0,"updated":0,"uncheckedKeys":[]},"testFilePath":"/home/codio/workspace/.test/ls-3-ex-4.test.js","testResults":[{"ancestorTitles":[],"duration":43,"failureMessages":[],"fullName":"Application should render without crashing","location":null,"numPassingAsserts":0,"status":"passed","title":"Application should render without crashing"},{"ancestorTitles":[],"duration":27,"failureMessages":[],"fullName":"The game should have a \"restart game\" button with the class \"restart-button\"","location":null,"numPassingAsserts":0,"status":"passed","title":"The game should have a \"restart game\" button with the class \"restart-button\""},{"ancestorTitles":[],"duration":28,"failureMessages":[],"fullName":"The game should provide a new word when clicking the restart button","location":null,"numPassingAsserts":0,"status":"passed","title":"The game should provide a new word when clicking the restart button"},{"ancestorTitles":[],"duration":21,"failureMessages":[],"fullName":"The game should provide a new hint when clicking the restart button","location":null,"numPassingAsserts":0,"status":"passed","title":"The game should provide a new hint when clicking the restart button"}],"sourceMaps":{},"skipped":false,"leaks":false}],"wasInterrupted":false}