{"numFailedTestSuites":0,"numFailedTests":0,"numPassedTestSuites":1,"numPassedTests":7,"numPendingTestSuites":0,"numPendingTests":0,"numRuntimeErrorTestSuites":0,"numTotalTestSuites":1,"numTotalTests":7,"openHandles":[],"snapshot":{"added":0,"didUpdate":false,"failure":false,"filesAdded":0,"filesRemoved":0,"filesUnmatched":0,"filesUpdated":0,"matched":0,"total":0,"unchecked":0,"uncheckedKeysByFile":[],"unmatched":0,"updated":0},"startTime":1534329518042,"success":true,"testResults":[{"console":null,"failureMessage":null,"numFailingTests":0,"numPassingTests":7,"numPendingTests":0,"perfStats":{"end":1534329520803,"start":1534329518948},"snapshot":{"added":0,"fileDeleted":false,"matched":0,"unchecked":0,"unmatched":0,"updated":0,"uncheckedKeys":[]},"testFilePath":"/Users/tal/Documents/Projects/react-lesson/.test/ls-2-ex-2.test.js","testResults":[{"ancestorTitles":[],"duration":28,"failureMessages":[],"fullName":"Application should render without crashing","location":null,"numPassingAsserts":0,"status":"passed","title":"Application should render without crashing"},{"ancestorTitles":[],"duration":8,"failureMessages":[],"fullName":"Solution component should exist directly under App","location":null,"numPassingAsserts":0,"status":"passed","title":"Solution component should exist directly under App"},{"ancestorTitles":[],"duration":11,"failureMessages":[],"fullName":"Solution component should have a letterStatus prop","location":null,"numPassingAsserts":0,"status":"passed","title":"Solution component should have a letterStatus prop"},{"ancestorTitles":[],"duration":13,"failureMessages":[],"fullName":"letterStatus should be provided from the App state","location":null,"numPassingAsserts":0,"status":"passed","title":"letterStatus should be provided from the App state"},{"ancestorTitles":[],"duration":4,"failureMessages":[],"fullName":"Solution component should have its own State","location":null,"numPassingAsserts":0,"status":"passed","title":"Solution component should have its own State"},{"ancestorTitles":[],"duration":4,"failureMessages":[],"fullName":"Solution component state should have \"word\" and \"hint\" properties","location":null,"numPassingAsserts":0,"status":"passed","title":"Solution component state should have \"word\" and \"hint\" properties"},{"ancestorTitles":[],"duration":11,"failureMessages":[],"fullName":"Solution component should render the hint inside a div","location":null,"numPassingAsserts":0,"status":"passed","title":"Solution component should render the hint inside a div"}],"sourceMaps":{},"skipped":false,"leaks":false}],"wasInterrupted":false}