{"numFailedTestSuites":0,"numFailedTests":0,"numPassedTestSuites":1,"numPassedTests":4,"numPendingTestSuites":0,"numPendingTests":0,"numRuntimeErrorTestSuites":0,"numTotalTestSuites":1,"numTotalTests":4,"openHandles":[],"snapshot":{"added":0,"didUpdate":false,"failure":false,"filesAdded":0,"filesRemoved":0,"filesUnmatched":0,"filesUpdated":0,"matched":0,"total":0,"unchecked":0,"uncheckedKeysByFile":[],"unmatched":0,"updated":0},"startTime":1534421967536,"success":true,"testResults":[{"console":null,"failureMessage":null,"numFailingTests":0,"numPassingTests":4,"numPendingTests":0,"perfStats":{"end":1534421969659,"start":1534421968479},"snapshot":{"added":0,"fileDeleted":false,"matched":0,"unchecked":0,"unmatched":0,"updated":0,"uncheckedKeys":[]},"testFilePath":"/Users/tal/Documents/Projects/react-lesson/.test/ls-3-ex-1.test.js","testResults":[{"ancestorTitles":[],"duration":28,"failureMessages":[],"fullName":"Application should render without crashing","location":null,"numPassingAsserts":0,"status":"passed","title":"Application should render without crashing"},{"ancestorTitles":[],"duration":33,"failureMessages":[],"fullName":"Selecting a correct letter should increase score by 5","location":null,"numPassingAsserts":0,"status":"passed","title":"Selecting a correct letter should increase score by 5"},{"ancestorTitles":[],"duration":18,"failureMessages":[],"fullName":"Selecting an incorrect letter should decrease score by 20","location":null,"numPassingAsserts":0,"status":"passed","title":"Selecting an incorrect letter should decrease score by 20"},{"ancestorTitles":[],"duration":13,"failureMessages":[],"fullName":"Score component should take value from app.js state","location":null,"numPassingAsserts":0,"status":"passed","title":"Score component should take value from app.js state"}],"sourceMaps":{},"skipped":false,"leaks":false}],"wasInterrupted":false}