{"numFailedTestSuites":1,"numFailedTests":1,"numPassedTestSuites":0,"numPassedTests":1,"numPendingTestSuites":0,"numPendingTests":0,"numRuntimeErrorTestSuites":0,"numTotalTestSuites":1,"numTotalTests":2,"openHandles":[],"snapshot":{"added":0,"didUpdate":false,"failure":false,"filesAdded":0,"filesRemoved":0,"filesUnmatched":0,"filesUpdated":0,"matched":0,"total":0,"unchecked":0,"uncheckedKeysByFile":[],"unmatched":0,"updated":0},"startTime":1539454322461,"success":false,"testResults":[{"console":null,"failureMessage":"  ● App should have one Letter component under Letters\n\n    Invariant Violation: ReactShallowRenderer render(): Shallow rendering works only with custom components, but the provided element type was `object`.\n\n      20 | \n      21 | it('App should have one Letter component under Letters', () => {\n    > 22 |     const wrapper = shallow(<Letters />);\n         |                     ^\n      23 |     expect(wrapper.find(Letter)).toHaveLength(1);\n      24 | });\n\n      at invariant (node_modules/fbjs/lib/invariant.js:42:15)\n      at ReactShallowRenderer.render (node_modules/react-test-renderer/cjs/react-test-renderer-shallow.development.js:115:78)\n      at node_modules/enzyme-adapter-react-16/build/ReactSixteenAdapter.js:287:35\n      at withSetStateAllowed (node_modules/enzyme-adapter-utils/build/Utils.js:103:16)\n      at Object.render (node_modules/enzyme-adapter-react-16/build/ReactSixteenAdapter.js:286:68)\n      at new ShallowWrapper (node_modules/enzyme/build/ShallowWrapper.js:119:22)\n      at shallow (node_modules/enzyme/build/shallow.js:19:10)\n      at Object.<anonymous> (.guides/secure/.test/ex-2.test.js:22:21)\n","numFailingTests":1,"numPassingTests":1,"numPendingTests":0,"perfStats":{"end":1539454323961,"start":1539454322963},"snapshot":{"added":0,"fileDeleted":false,"matched":0,"unchecked":0,"unmatched":0,"updated":0,"uncheckedKeys":[]},"testFilePath":"/home/codio/workspace/.guides/secure/.test/ex-2.test.js","testResults":[{"ancestorTitles":[],"duration":24,"failureMessages":[],"fullName":"Application should render without crashing","location":null,"numPassingAsserts":0,"status":"passed","title":"Application should render without crashing"},{"ancestorTitles":[],"duration":15,"failureMessages":["Invariant Violation: ReactShallowRenderer render(): Shallow rendering works only with custom components, but the provided element type was `object`.\n    at invariant (/home/codio/workspace/node_modules/fbjs/lib/invariant.js:42:15)\n    at ReactShallowRenderer.render (/home/codio/workspace/node_modules/react-test-renderer/cjs/react-test-renderer-shallow.development.js:115:78)\n    at /home/codio/workspace/node_modules/enzyme-adapter-react-16/build/ReactSixteenAdapter.js:287:35\n    at withSetStateAllowed (/home/codio/workspace/node_modules/enzyme-adapter-utils/build/Utils.js:103:16)\n    at Object.render (/home/codio/workspace/node_modules/enzyme-adapter-react-16/build/ReactSixteenAdapter.js:286:68)\n    at new ShallowWrapper (/home/codio/workspace/node_modules/enzyme/build/ShallowWrapper.js:119:22)\n    at shallow (/home/codio/workspace/node_modules/enzyme/build/shallow.js:19:10)\n    at Object.<anonymous> (/home/codio/workspace/.guides/secure/.test/ex-2.test.js:22:21)\n    at Object.asyncFn (/home/codio/workspace/node_modules/jest-jasmine2/build/jasmine_async.js:108:37)\n    at resolve (/home/codio/workspace/node_modules/jest-jasmine2/build/queue_runner.js:56:12)\n    at new Promise (<anonymous>)\n    at mapper (/home/codio/workspace/node_modules/jest-jasmine2/build/queue_runner.js:43:19)\n    at promise.then (/home/codio/workspace/node_modules/jest-jasmine2/build/queue_runner.js:87:41)\n    at <anonymous>\n    at process._tickCallback (internal/process/next_tick.js:188:7)"],"fullName":"App should have one Letter component under Letters","location":null,"numPassingAsserts":0,"status":"failed","title":"App should have one Letter component under Letters"}],"sourceMaps":{},"skipped":false,"leaks":false}],"wasInterrupted":false}