{"numFailedTestSuites":0,"numFailedTests":0,"numPassedTestSuites":1,"numPassedTests":3,"numPendingTestSuites":0,"numPendingTests":0,"numRuntimeErrorTestSuites":0,"numTotalTestSuites":1,"numTotalTests":3,"openHandles":[],"snapshot":{"added":0,"didUpdate":false,"failure":false,"filesAdded":0,"filesRemoved":0,"filesUnmatched":0,"filesUpdated":0,"matched":0,"total":0,"unchecked":0,"uncheckedKeysByFile":[],"unmatched":0,"updated":0},"startTime":1534336279362,"success":true,"testResults":[{"console":null,"failureMessage":null,"numFailingTests":0,"numPassingTests":3,"numPendingTests":0,"perfStats":{"end":1534336281214,"start":1534336280112},"snapshot":{"added":0,"fileDeleted":false,"matched":0,"unchecked":0,"unmatched":0,"updated":0,"uncheckedKeys":[]},"testFilePath":"/home/codio/workspace/.test/ls-2-ex-1.test.js","testResults":[{"ancestorTitles":[],"duration":39,"failureMessages":[],"fullName":"Application should render without crashing","location":null,"numPassingAsserts":0,"status":"passed","title":"Application should render without crashing"},{"ancestorTitles":[],"duration":21,"failureMessages":[],"fullName":"Score component should have a \"score\" property","location":null,"numPassingAsserts":0,"status":"passed","title":"Score component should have a \"score\" property"},{"ancestorTitles":[],"duration":18,"failureMessages":[],"fullName":"Score component should take value from app.js state","location":null,"numPassingAsserts":0,"status":"passed","title":"Score component should take value from app.js state"}],"sourceMaps":{},"skipped":false,"leaks":false}],"wasInterrupted":false}